SYS_GET_VERSION.sql
SYS_STATE_TRIGGER.sql
SYS_STATE_TRIGGER_ALL.sql
SYS_STATE_TRIGGER_TABLE.sql
SYS_LANG_RESOURCE$INS.sql
ADD_SYS_COLUMN.sql
ADD_SYS_COLUMN_2.sql
ADD_SYS_GRID.sql
ADD_SYS_GRID_COLUMN.sql
ADD_SYS_GRID_EDIT.sql
ADD_SYS_GRID_EDIT_2.sql
GET_SYS_GRID_COLUMN.sql
GET_SYS_GRID_EDIT.sql
GET_SYS_GRID_EDIT_2.sql
AP_PHOTO_FOLDER$GET.sql
AP_PHOTO_FOLDER$UPD.sql
AP_PHOTO_DECISION$CREATE.sql
C_OVS$GET_LIST.sql
TR_APPLICATIONS$CREATE.sql
AP_PHOTO_DECISION$FIND.sql
AP_PHOTO_DECISION$FIND_ROW.sql
AP_PHOTO_DECISION$FIND_PARAMS.sql
AP_PHOTO_DECISION$GET.sql
AP_PHOTO_DECISION$PARAMS.sql
AP_PHOTO_DECISION$PRINT.sql